{"contracts/SecurityToken.sol":{"l":{"35":261,"36":255,"40":7,"41":5,"45":5,"46":3,"50":270,"51":268,"55":11,"56":9,"60":16,"61":12,"65":560,"66":542,"77":2,"78":2,"88":2,"105":249,"106":249,"123":268,"124":268,"125":268,"127":266,"128":266,"143":3,"145":1,"146":1,"147":1,"167":2,"169":2,"170":2,"171":2,"172":2,"196":1,"197":1,"198":1,"199":1,"200":1,"201":1,"202":1,"203":1,"221":2,"222":2,"223":2,"241":1,"242":1,"243":1,"258":4,"259":4,"271":2,"272":2,"286":1,"287":1,"288":1,"301":2,"302":2,"314":1,"330":2,"331":1,"344":249,"357":6,"371":245,"373":245,"387":1,"403":2,"416":2,"429":3,"430":3,"431":2,"434":1,"445":252,"446":251,"461":7,"462":7,"463":5,"466":2,"467":2,"470":2,"474":2,"477":2,"480":2},"path":"/Users/julesdesmit/Desktop/tokenise-eth/contracts/SecurityToken.sol","s":{"1":261,"2":7,"3":5,"4":270,"5":11,"6":16,"7":560,"8":2,"9":2,"10":2,"11":249,"12":249,"13":268,"14":268,"15":268,"16":266,"17":266,"18":3,"19":1,"20":1,"21":1,"22":2,"23":2,"24":2,"25":2,"26":2,"27":1,"28":1,"29":1,"30":1,"31":1,"32":1,"33":1,"34":2,"35":2,"36":2,"37":1,"38":1,"39":1,"40":4,"41":2,"42":2,"43":1,"44":1,"45":1,"46":2,"47":2,"48":1,"49":2,"50":1,"51":249,"52":6,"53":245,"54":245,"55":1,"56":2,"57":2,"58":3,"59":3,"60":2,"61":1,"62":252,"63":251,"64":7,"65":7,"66":5,"67":2,"68":2,"69":2,"70":2,"71":2},"b":{"1":[255,6],"2":[5,2],"3":[3,2],"4":[268,2],"5":[9,2],"6":[12,4],"7":[542,18],"8":[268,0],"9":[268,0],"10":[266,2],"11":[1,2],"12":[1,0],"13":[2,0],"14":[2,0],"15":[1,1],"16":[245,0],"17":[2,1],"18":[251,1],"19":[5,2]},"f":{"1":261,"2":7,"3":5,"4":270,"5":11,"6":16,"7":560,"8":2,"9":2,"10":249,"11":268,"12":3,"13":2,"14":1,"15":2,"16":1,"17":4,"18":2,"19":1,"20":2,"21":1,"22":2,"23":249,"24":6,"25":245,"26":1,"27":2,"28":2,"29":3,"30":252,"31":7},"fnMap":{"1":{"name":"isVerifiedAddress","line":34,"loc":{"start":{"line":34,"column":4},"end":{"line":34,"column":42}}},"2":{"name":"isShareholder","line":39,"loc":{"start":{"line":39,"column":4},"end":{"line":39,"column":38}}},"3":{"name":"isNotShareholder","line":44,"loc":{"start":{"line":44,"column":4},"end":{"line":44,"column":41}}},"4":{"name":"isNotCancelled","line":49,"loc":{"start":{"line":49,"column":4},"end":{"line":49,"column":39}}},"5":{"name":"isNotFrozen","line":54,"loc":{"start":{"line":54,"column":4},"end":{"line":54,"column":24}}},"6":{"name":"isNotLocked","line":59,"loc":{"start":{"line":59,"column":4},"end":{"line":59,"column":36}}},"7":{"name":"isNotClosed","line":64,"loc":{"start":{"line":64,"column":4},"end":{"line":64,"column":24}}},"8":{"name":null,"line":74,"loc":{"start":{"line":74,"column":4},"end":{"line":76,"column":5}}},"9":{"name":null,"line":84,"loc":{"start":{"line":84,"column":4},"end":{"line":87,"column":5}}},"10":{"name":"issue","line":98,"loc":{"start":{"line":98,"column":4},"end":{"line":104,"column":5}}},"11":{"name":"addVerified","line":117,"loc":{"start":{"line":117,"column":4},"end":{"line":122,"column":5}}},"12":{"name":"removeVerified","line":138,"loc":{"start":{"line":138,"column":4},"end":{"line":142,"column":5}}},"13":{"name":"updateVerified","line":161,"loc":{"start":{"line":161,"column":4},"end":{"line":166,"column":5}}},"14":{"name":"cancelAndReissue","line":186,"loc":{"start":{"line":186,"column":4},"end":{"line":193,"column":5}}},"15":{"name":"transfer","line":213,"loc":{"start":{"line":213,"column":4},"end":{"line":220,"column":5}}},"16":{"name":"transferFrom","line":233,"loc":{"start":{"line":233,"column":4},"end":{"line":240,"column":5}}},"17":{"name":"burn","line":253,"loc":{"start":{"line":253,"column":4},"end":{"line":257,"column":5}}},"18":{"name":"freeze","line":266,"loc":{"start":{"line":266,"column":4},"end":{"line":270,"column":5}}},"19":{"name":"migrate","line":281,"loc":{"start":{"line":281,"column":4},"end":{"line":285,"column":5}}},"20":{"name":"lock","line":296,"loc":{"start":{"line":296,"column":4},"end":{"line":300,"column":5}}},"21":{"name":"holderCount","line":309,"loc":{"start":{"line":309,"column":4},"end":{"line":313,"column":5}}},"22":{"name":"holderAt","line":324,"loc":{"start":{"line":324,"column":4},"end":{"line":329,"column":5}}},"23":{"name":"isVerified","line":339,"loc":{"start":{"line":339,"column":4},"end":{"line":343,"column":5}}},"24":{"name":"isHolder","line":352,"loc":{"start":{"line":352,"column":4},"end":{"line":356,"column":5}}},"25":{"name":"hasHash","line":366,"loc":{"start":{"line":366,"column":4},"end":{"line":370,"column":5}}},"26":{"name":"isSuperseded","line":381,"loc":{"start":{"line":381,"column":4},"end":{"line":386,"column":5}}},"27":{"name":"getCurrentFor","line":397,"loc":{"start":{"line":397,"column":4},"end":{"line":402,"column":5}}},"28":{"name":"isLocked","line":411,"loc":{"start":{"line":411,"column":4},"end":{"line":415,"column":5}}},"29":{"name":"findCurrentFor","line":424,"loc":{"start":{"line":424,"column":4},"end":{"line":428,"column":5}}},"30":{"name":"updateShareholders","line":442,"loc":{"start":{"line":442,"column":4},"end":{"line":444,"column":5}}},"31":{"name":"pruneShareholders","line":458,"loc":{"start":{"line":458,"column":4},"end":{"line":460,"column":5}}}},"statementMap":{"1":{"start":{"line":35,"column":8},"end":{"line":35,"column":70}},"2":{"start":{"line":40,"column":8},"end":{"line":40,"column":78}},"3":{"start":{"line":45,"column":8},"end":{"line":45,"column":74}},"4":{"start":{"line":50,"column":8},"end":{"line":50,"column":81}},"5":{"start":{"line":55,"column":8},"end":{"line":55,"column":61}},"6":{"start":{"line":60,"column":8},"end":{"line":60,"column":60}},"7":{"start":{"line":65,"column":8},"end":{"line":65,"column":87}},"8":{"start":{"line":77,"column":8},"end":{"line":77,"column":19}},"9":{"start":{"line":78,"column":8},"end":{"line":78,"column":23}},"10":{"start":{"line":88,"column":8},"end":{"line":88,"column":55}},"11":{"start":{"line":105,"column":8},"end":{"line":105,"column":29}},"12":{"start":{"line":106,"column":8},"end":{"line":106,"column":37}},"13":{"start":{"line":123,"column":8},"end":{"line":123,"column":64}},"14":{"start":{"line":124,"column":8},"end":{"line":124,"column":64}},"15":{"start":{"line":125,"column":8},"end":{"line":125,"column":81}},"16":{"start":{"line":127,"column":8},"end":{"line":127,"column":28}},"17":{"start":{"line":128,"column":8},"end":{"line":128,"column":57}},"18":{"start":{"line":143,"column":8},"end":{"line":143,"column":126}},"19":{"start":{"line":145,"column":8},"end":{"line":145,"column":4840}},"20":{"start":{"line":146,"column":12},"end":{"line":146,"column":38}},"21":{"start":{"line":147,"column":12},"end":{"line":147,"column":57}},"22":{"start":{"line":167,"column":8},"end":{"line":167,"column":64}},"23":{"start":{"line":169,"column":8},"end":{"line":169,"column":39}},"24":{"start":{"line":170,"column":8},"end":{"line":170,"column":5884}},"25":{"start":{"line":171,"column":12},"end":{"line":171,"column":32}},"26":{"start":{"line":172,"column":12},"end":{"line":172,"column":72}},"27":{"start":{"line":196,"column":8},"end":{"line":196,"column":38}},"28":{"start":{"line":197,"column":8},"end":{"line":197,"column":44}},"29":{"start":{"line":198,"column":8},"end":{"line":198,"column":56}},"30":{"start":{"line":199,"column":8},"end":{"line":199,"column":46}},"31":{"start":{"line":200,"column":8},"end":{"line":200,"column":59}},"32":{"start":{"line":201,"column":8},"end":{"line":201,"column":34}},"33":{"start":{"line":203,"column":8},"end":{"line":203,"column":73}},"34":{"start":{"line":221,"column":8},"end":{"line":221,"column":29}},"35":{"start":{"line":222,"column":8},"end":{"line":222,"column":43}},"36":{"start":{"line":223,"column":8},"end":{"line":223,"column":40}},"37":{"start":{"line":241,"column":8},"end":{"line":241,"column":29}},"38":{"start":{"line":242,"column":8},"end":{"line":242,"column":37}},"39":{"start":{"line":243,"column":8},"end":{"line":243,"column":50}},"40":{"start":{"line":258,"column":8},"end":{"line":258,"column":38}},"41":{"start":{"line":271,"column":8},"end":{"line":271,"column":23}},"42":{"start":{"line":272,"column":8},"end":{"line":272,"column":27}},"43":{"start":{"line":286,"column":8},"end":{"line":286,"column":20}},"44":{"start":{"line":287,"column":8},"end":{"line":287,"column":20}},"45":{"start":{"line":288,"column":8},"end":{"line":288,"column":22}},"46":{"start":{"line":301,"column":8},"end":{"line":301,"column":35}},"47":{"start":{"line":302,"column":8},"end":{"line":302,"column":37}},"48":{"start":{"line":314,"column":8},"end":{"line":314,"column":34}},"49":{"start":{"line":330,"column":8},"end":{"line":330,"column":87}},"50":{"start":{"line":331,"column":8},"end":{"line":331,"column":34}},"51":{"start":{"line":344,"column":8},"end":{"line":344,"column":43}},"52":{"start":{"line":357,"column":8},"end":{"line":357,"column":39}},"53":{"start":{"line":371,"column":8},"end":{"line":371,"column":55}},"54":{"start":{"line":373,"column":8},"end":{"line":373,"column":37}},"55":{"start":{"line":387,"column":8},"end":{"line":387,"column":50}},"56":{"start":{"line":403,"column":8},"end":{"line":403,"column":35}},"57":{"start":{"line":416,"column":8},"end":{"line":416,"column":27}},"58":{"start":{"line":429,"column":8},"end":{"line":429,"column":46}},"59":{"start":{"line":430,"column":8},"end":{"line":430,"column":14264}},"60":{"start":{"line":431,"column":12},"end":{"line":431,"column":23}},"61":{"start":{"line":434,"column":8},"end":{"line":434,"column":40}},"62":{"start":{"line":445,"column":8},"end":{"line":445,"column":14671}},"63":{"start":{"line":446,"column":12},"end":{"line":446,"column":56}},"64":{"start":{"line":461,"column":8},"end":{"line":461,"column":46}},"65":{"start":{"line":462,"column":8},"end":{"line":462,"column":15354}},"66":{"start":{"line":463,"column":12},"end":{"line":463,"column":18}},"67":{"start":{"line":466,"column":8},"end":{"line":466,"column":65}},"68":{"start":{"line":467,"column":8},"end":{"line":467,"column":52}},"69":{"start":{"line":470,"column":8},"end":{"line":470,"column":45}},"70":{"start":{"line":474,"column":8},"end":{"line":474,"column":54}},"71":{"start":{"line":480,"column":8},"end":{"line":480,"column":30}}},"branchMap":{"1":{"line":35,"type":"if","locations":[{"start":{"line":35,"column":8},"end":{"line":35,"column":8}},{"start":{"line":35,"column":8},"end":{"line":35,"column":8}}]},"2":{"line":40,"type":"if","locations":[{"start":{"line":40,"column":8},"end":{"line":40,"column":8}},{"start":{"line":40,"column":8},"end":{"line":40,"column":8}}]},"3":{"line":45,"type":"if","locations":[{"start":{"line":45,"column":8},"end":{"line":45,"column":8}},{"start":{"line":45,"column":8},"end":{"line":45,"column":8}}]},"4":{"line":50,"type":"if","locations":[{"start":{"line":50,"column":8},"end":{"line":50,"column":8}},{"start":{"line":50,"column":8},"end":{"line":50,"column":8}}]},"5":{"line":55,"type":"if","locations":[{"start":{"line":55,"column":8},"end":{"line":55,"column":8}},{"start":{"line":55,"column":8},"end":{"line":55,"column":8}}]},"6":{"line":60,"type":"if","locations":[{"start":{"line":60,"column":8},"end":{"line":60,"column":8}},{"start":{"line":60,"column":8},"end":{"line":60,"column":8}}]},"7":{"line":65,"type":"if","locations":[{"start":{"line":65,"column":8},"end":{"line":65,"column":8}},{"start":{"line":65,"column":8},"end":{"line":65,"column":8}}]},"8":{"line":123,"type":"if","locations":[{"start":{"line":123,"column":8},"end":{"line":123,"column":8}},{"start":{"line":123,"column":8},"end":{"line":123,"column":8}}]},"9":{"line":124,"type":"if","locations":[{"start":{"line":124,"column":8},"end":{"line":124,"column":8}},{"start":{"line":124,"column":8},"end":{"line":124,"column":8}}]},"10":{"line":125,"type":"if","locations":[{"start":{"line":125,"column":8},"end":{"line":125,"column":8}},{"start":{"line":125,"column":8},"end":{"line":125,"column":8}}]},"11":{"line":143,"type":"if","locations":[{"start":{"line":143,"column":8},"end":{"line":143,"column":8}},{"start":{"line":143,"column":8},"end":{"line":143,"column":8}}]},"12":{"line":145,"type":"if","locations":[{"start":{"line":145,"column":8},"end":{"line":145,"column":8}},{"start":{"line":145,"column":8},"end":{"line":145,"column":8}}]},"13":{"line":167,"type":"if","locations":[{"start":{"line":167,"column":8},"end":{"line":167,"column":8}},{"start":{"line":167,"column":8},"end":{"line":167,"column":8}}]},"14":{"line":170,"type":"if","locations":[{"start":{"line":170,"column":8},"end":{"line":170,"column":8}},{"start":{"line":170,"column":8},"end":{"line":170,"column":8}}]},"15":{"line":330,"type":"if","locations":[{"start":{"line":330,"column":8},"end":{"line":330,"column":8}},{"start":{"line":330,"column":8},"end":{"line":330,"column":8}}]},"16":{"line":371,"type":"if","locations":[{"start":{"line":371,"column":8},"end":{"line":371,"column":8}},{"start":{"line":371,"column":8},"end":{"line":371,"column":8}}]},"17":{"line":430,"type":"if","locations":[{"start":{"line":430,"column":8},"end":{"line":430,"column":8}},{"start":{"line":430,"column":8},"end":{"line":430,"column":8}}]},"18":{"line":445,"type":"if","locations":[{"start":{"line":445,"column":8},"end":{"line":445,"column":8}},{"start":{"line":445,"column":8},"end":{"line":445,"column":8}}]},"19":{"line":462,"type":"if","locations":[{"start":{"line":462,"column":8},"end":{"line":462,"column":8}},{"start":{"line":462,"column":8},"end":{"line":462,"column":8}}]}}}}