TN:
SF:/Users/julesdesmit/Desktop/tokenise-eth/contracts/SecurityToken.sol
FN:34,isVerifiedAddress
FN:39,isShareholder
FN:44,isNotShareholder
FN:49,isNotCancelled
FN:54,isNotFrozen
FN:59,isNotLocked
FN:64,isNotClosed
FN:74,
FN:84,
FN:98,issue
FN:117,addVerified
FN:138,removeVerified
FN:161,updateVerified
FN:186,cancelAndReissue
FN:213,transfer
FN:233,transferFrom
FN:253,burn
FN:266,freeze
FN:281,migrate
FN:296,lock
FN:309,holderCount
FN:324,holderAt
FN:339,isVerified
FN:352,isHolder
FN:366,hasHash
FN:381,isSuperseded
FN:397,getCurrentFor
FN:411,isLocked
FN:424,findCurrentFor
FN:442,updateShareholders
FN:458,pruneShareholders
FNF:31
FNH:31
FNDA:261,isVerifiedAddress
FNDA:7,isShareholder
FNDA:5,isNotShareholder
FNDA:270,isNotCancelled
FNDA:11,isNotFrozen
FNDA:16,isNotLocked
FNDA:560,isNotClosed
FNDA:2,
FNDA:2,
FNDA:249,issue
FNDA:268,addVerified
FNDA:3,removeVerified
FNDA:2,updateVerified
FNDA:1,cancelAndReissue
FNDA:2,transfer
FNDA:1,transferFrom
FNDA:4,burn
FNDA:2,freeze
FNDA:1,migrate
FNDA:2,lock
FNDA:1,holderCount
FNDA:2,holderAt
FNDA:249,isVerified
FNDA:6,isHolder
FNDA:245,hasHash
FNDA:1,isSuperseded
FNDA:2,getCurrentFor
FNDA:2,isLocked
FNDA:3,findCurrentFor
FNDA:252,updateShareholders
FNDA:7,pruneShareholders
DA:35,261
DA:36,255
DA:40,7
DA:41,5
DA:45,5
DA:46,3
DA:50,270
DA:51,268
DA:55,11
DA:56,9
DA:60,16
DA:61,12
DA:65,560
DA:66,542
DA:77,2
DA:78,2
DA:88,2
DA:105,249
DA:106,249
DA:123,268
DA:124,268
DA:125,268
DA:127,266
DA:128,266
DA:143,3
DA:145,1
DA:146,1
DA:147,1
DA:167,2
DA:169,2
DA:170,2
DA:171,2
DA:172,2
DA:196,1
DA:197,1
DA:198,1
DA:199,1
DA:200,1
DA:201,1
DA:202,1
DA:203,1
DA:221,2
DA:222,2
DA:223,2
DA:241,1
DA:242,1
DA:243,1
DA:258,4
DA:259,4
DA:271,2
DA:272,2
DA:286,1
DA:287,1
DA:288,1
DA:301,2
DA:302,2
DA:314,1
DA:330,2
DA:331,1
DA:344,249
DA:357,6
DA:371,245
DA:373,245
DA:387,1
DA:403,2
DA:416,2
DA:429,3
DA:430,3
DA:431,2
DA:434,1
DA:445,252
DA:446,251
DA:461,7
DA:462,7
DA:463,5
DA:466,2
DA:467,2
DA:470,2
DA:474,2
DA:477,2
DA:480,2
LF:81
LH:81
BRDA:35,1,0,255
BRDA:35,1,1,6
BRDA:40,2,0,5
BRDA:40,2,1,2
BRDA:45,3,0,3
BRDA:45,3,1,2
BRDA:50,4,0,268
BRDA:50,4,1,2
BRDA:55,5,0,9
BRDA:55,5,1,2
BRDA:60,6,0,12
BRDA:60,6,1,4
BRDA:65,7,0,542
BRDA:65,7,1,18
BRDA:123,8,0,268
BRDA:123,8,1,0
BRDA:124,9,0,268
BRDA:124,9,1,0
BRDA:125,10,0,266
BRDA:125,10,1,2
BRDA:143,11,0,1
BRDA:143,11,1,2
BRDA:145,12,0,1
BRDA:145,12,1,0
BRDA:167,13,0,2
BRDA:167,13,1,0
BRDA:170,14,0,2
BRDA:170,14,1,0
BRDA:330,15,0,1
BRDA:330,15,1,1
BRDA:371,16,0,245
BRDA:371,16,1,0
BRDA:430,17,0,2
BRDA:430,17,1,1
BRDA:445,18,0,251
BRDA:445,18,1,1
BRDA:462,19,0,5
BRDA:462,19,1,2
BRF:38
BRH:32
end_of_record
